Compiling e:\wdm_interface\txintpar3 directory ********************
'nmake.exe /c BUILDMSG=Stop. -i NTTEST= UMTEST= NOLINK=1 386=1'
	mc -h . -r .  parlog.mc
MC: Compiling parlog.mc
cl -nologo  /Tc  -Ii386\ -I. -I..\inc -I..\..\inc -Ie:\NTDDK\inc -Ie:\NTDDK\inc -Ie:\NTDDK\inc\ddk -Ie:\NTDDK\inc\ddk\wdm -Ie:\NTDDK\private\inc -Ie:\NTDDK\inc -D_X86_=1 -Di386=1  -DSTD_CALL -DCONDITION_HANDLING=1 -DNT_UP=1  -DNT_INST=0 -DWIN32=100 -D_NT1X_=100 -DWINNT=1 -D_WIN32_WINNT=0x0500 -DWINVER=0x0500 -D_WIN32_IE=0x0501    -DWIN32_LEAN_AND_MEAN=1 -DDBG=1 -DDEVL=1 -DFPO=0    -DNDEBUG -D_DLL=1      /c /Zel /Zp8 /Gy -cbstring -W3 -WX /Gz  /QIfdiv- /QIf /QI0f /GB /Gi- /Gm- /GX-  /GR- /GF -Z7 /Oxs /Oy-   -FIe:\NTDDK\inc\warning.h /Yupch.h /Fpobjchk\i386\pch.pch /YlTxintpar /Ycpch.h /Fpobjchk\i386\pch.pch /Fo"E:\WDM_interface\Txintpar3\objchk\i386\pch.obj"

#include "pch.h"

pch_hdr.src
    rc -l 409 -z "MS Sans Serif,Helv/MS Shell Dlg"  -r -fo objchk\i386\parclass.tmp -D_X86_=1 -Di386=1  -DSTD_CALL -DCONDITION_HANDLING=1 -DNT_UP=1  -DNT_INST=0 -DWIN32=100 -D_NT1X_=100 -DWINNT=1 -D_WIN32_WINNT=0x0500 -DWINVER=0x0500 -D_WIN32_IE=0x0501    -DWIN32_LEAN_AND_MEAN=1 -DDBG=1 -DDEVL=1 -DFPO=0    -DNDEBUG -D_DLL=1    -I..\inc -I..\..\inc -Ie:\NTDDK\inc -Ie:\NTDDK\inc -Ie:\NTDDK\inc\ddk -Ie:\NTDDK\inc\ddk\wdm -Ie:\NTDDK\private\inc -Ie:\NTDDK\inc .\parclass.rc
cl -nologo -Ii386\ -I. -I..\inc -I..\..\inc -Ie:\NTDDK\inc -Ie:\NTDDK\inc -Ie:\NTDDK\inc\ddk -Ie:\NTDDK\inc\ddk\wdm -Ie:\NTDDK\private\inc -Ie:\NTDDK\inc -D_X86_=1 -Di386=1  -DSTD_CALL -DCONDITION_HANDLING=1 -DNT_UP=1  -DNT_INST=0 -DWIN32=100 -D_NT1X_=100 -DWINNT=1 -D_WIN32_WINNT=0x0500 -DWINVER=0x0500 -D_WIN32_IE=0x0501    -DWIN32_LEAN_AND_MEAN=1 -DDBG=1 -DDEVL=1 -DFPO=0    -DNDEBUG -D_DLL=1      /c /Zel /Zp8 /Gy -cbstring -W3 -WX /Gz  /QIfdiv- /QIf /QI0f /GB /Gi- /Gm- /GX-  /GR- /GF -Z7 /Oxs /Oy-   -FIe:\NTDDK\inc\warning.h /Yupch.h /Fpobjchk\i386\pch.pch .\becp.c
becp.c
cl -nologo -Ii386\ -I. -I..\inc -I..\..\inc -Ie:\NTDDK\inc -Ie:\NTDDK\inc -Ie:\NTDDK\inc\ddk -Ie:\NTDDK\inc\ddk\wdm -Ie:\NTDDK\private\inc -Ie:\NTDDK\inc -D_X86_=1 -Di386=1  -DSTD_CALL -DCONDITION_HANDLING=1 -DNT_UP=1  -DNT_INST=0 -DWIN32=100 -D_NT1X_=100 -DWINNT=1 -D_WIN32_WINNT=0x0500 -DWINVER=0x0500 -D_WIN32_IE=0x0501    -DWIN32_LEAN_AND_MEAN=1 -DDBG=1 -DDEVL=1 -DFPO=0    -DNDEBUG -D_DLL=1      /c /Zel /Zp8 /Gy -cbstring -W3 -WX /Gz  /QIfdiv- /QIf /QI0f /GB /Gi- /Gm- /GX-  /GR- /GF -Z7 /Oxs /Oy-   -FIe:\NTDDK\inc\warning.h /Yupch.h /Fpobjchk\i386\pch.pch .\byte.c
byte.c
cl -nologo -Ii386\ -I. -I..\inc -I..\..\inc -Ie:\NTDDK\inc -Ie:\NTDDK\inc -Ie:\NTDDK\inc\ddk -Ie:\NTDDK\inc\ddk\wdm -Ie:\NTDDK\private\inc -Ie:\NTDDK\inc -D_X86_=1 -Di386=1  -DSTD_CALL -DCONDITION_HANDLING=1 -DNT_UP=1  -DNT_INST=0 -DWIN32=100 -D_NT1X_=100 -DWINNT=1 -D_WIN32_WINNT=0x0500 -DWINVER=0x0500 -D_WIN32_IE=0x0501    -DWIN32_LEAN_AND_MEAN=1 -DDBG=1 -DDEVL=1 -DFPO=0    -DNDEBUG -D_DLL=1      /c /Zel /Zp8 /Gy -cbstring -W3 -WX /Gz  /QIfdiv- /QIf /QI0f /GB /Gi- /Gm- /GX-  /GR- /GF -Z7 /Oxs /Oy-   -FIe:\NTDDK\inc\warning.h /Yupch.h /Fpobjchk\i386\pch.pch .\debug.c
debug.c
cl -nologo -Ii386\ -I. -I..\inc -I..\..\inc -Ie:\NTDDK\inc -Ie:\NTDDK\inc -Ie:\NTDDK\inc\ddk -Ie:\NTDDK\inc\ddk\wdm -Ie:\NTDDK\private\inc -Ie:\NTDDK\inc -D_X86_=1 -Di386=1  -DSTD_CALL -DCONDITION_HANDLING=1 -DNT_UP=1  -DNT_INST=0 -DWIN32=100 -D_NT1X_=100 -DWINNT=1 -D_WIN32_WINNT=0x0500 -DWINVER=0x0500 -D_WIN32_IE=0x0501    -DWIN32_LEAN_AND_MEAN=1 -DDBG=1 -DDEVL=1 -DFPO=0    -DNDEBUG -D_DLL=1      /c /Zel /Zp8 /Gy -cbstring -W3 -WX /Gz  /QIfdiv- /QIf /QI0f /GB /Gi- /Gm- /GX-  /GR- /GF -Z7 /Oxs /Oy-   -FIe:\NTDDK\inc\warning.h /Yupch.h /Fpobjchk\i386\pch.pch .\devobj.c
devobj.c
cl -nologo -Ii386\ -I. -I..\inc -I..\..\inc -Ie:\NTDDK\inc -Ie:\NTDDK\inc -Ie:\NTDDK\inc\ddk -Ie:\NTDDK\inc\ddk\wdm -Ie:\NTDDK\private\inc -Ie:\NTDDK\inc -D_X86_=1 -Di386=1  -DSTD_CALL -DCONDITION_HANDLING=1 -DNT_UP=1  -DNT_INST=0 -DWIN32=100 -D_NT1X_=100 -DWINNT=1 -D_WIN32_WINNT=0x0500 -DWINVER=0x0500 -D_WIN32_IE=0x0501    -DWIN32_LEAN_AND_MEAN=1 -DDBG=1 -DDEVL=1 -DFPO=0    -DNDEBUG -D_DLL=1      /c /Zel /Zp8 /Gy -cbstring -W3 -WX /Gz  /QIfdiv- /QIf /QI0f /GB /Gi- /Gm- /GX-  /GR- /GF -Z7 /Oxs /Oy-   -FIe:\NTDDK\inc\warning.h /Yupch.h /Fpobjchk\i386\pch.pch .\ecp.c
ecp.c
cl -nologo -Ii386\ -I. -I..\inc -I..\..\inc -Ie:\NTDDK\inc -Ie:\NTDDK\inc -Ie:\NTDDK\inc\ddk -Ie:\NTDDK\inc\ddk\wdm -Ie:\NTDDK\private\inc -Ie:\NTDDK\inc -D_X86_=1 -Di386=1  -DSTD_CALL -DCONDITION_HANDLING=1 -DNT_UP=1  -DNT_INST=0 -DWIN32=100 -D_NT1X_=100 -DWINNT=1 -D_WIN32_WINNT=0x0500 -DWINVER=0x0500 -D_WIN32_IE=0x0501    -DWIN32_LEAN_AND_MEAN=1 -DDBG=1 -DDEVL=1 -DFPO=0    -DNDEBUG -D_DLL=1      /c /Zel /Zp8 /Gy -cbstring -W3 -WX /Gz  /QIfdiv- /QIf /QI0f /GB /Gi- /Gm- /GX-  /GR- /GF -Z7 /Oxs /Oy-   -FIe:\NTDDK\inc\warning.h /Yupch.h /Fpobjchk\i386\pch.pch .\epp.c
epp.c
cl -nologo -Ii386\ -I. -I..\inc -I..\..\inc -Ie:\NTDDK\inc -Ie:\NTDDK\inc -Ie:\NTDDK\inc\ddk -Ie:\NTDDK\inc\ddk\wdm -Ie:\NTDDK\private\inc -Ie:\NTDDK\inc -D_X86_=1 -Di386=1  -DSTD_CALL -DCONDITION_HANDLING=1 -DNT_UP=1  -DNT_INST=0 -DWIN32=100 -D_NT1X_=100 -DWINNT=1 -D_WIN32_WINNT=0x0500 -DWINVER=0x0500 -D_WIN32_IE=0x0501    -DWIN32_LEAN_AND_MEAN=1 -DDBG=1 -DDEVL=1 -DFPO=0    -DNDEBUG -D_DLL=1      /c /Zel /Zp8 /Gy -cbstring -W3 -WX /Gz  /QIfdiv- /QIf /QI0f /GB /Gi- /Gm- /GX-  /GR- /GF -Z7 /Oxs /Oy-   -FIe:\NTDDK\inc\warning.h /Yupch.h /Fpobjchk\i386\pch.pch .\errlog.c
errlog.c
cl -nologo -Ii386\ -I. -I..\inc -I..\..\inc -Ie:\NTDDK\inc -Ie:\NTDDK\inc -Ie:\NTDDK\inc\ddk -Ie:\NTDDK\inc\ddk\wdm -Ie:\NTDDK\private\inc -Ie:\NTDDK\inc -D_X86_=1 -Di386=1  -DSTD_CALL -DCONDITION_HANDLING=1 -DNT_UP=1  -DNT_INST=0 -DWIN32=100 -D_NT1X_=100 -DWINNT=1 -D_WIN32_WINNT=0x0500 -DWINVER=0x0500 -D_WIN32_IE=0x0501    -DWIN32_LEAN_AND_MEAN=1 -DDBG=1 -DDEVL=1 -DFPO=0    -DNDEBUG -D_DLL=1      /c /Zel /Zp8 /Gy -cbstring -W3 -WX /Gz  /QIfdiv- /QIf /QI0f /GB /Gi- /Gm- /GX-  /GR- /GF -Z7 /Oxs /Oy-   -FIe:\NTDDK\inc\warning.h /Yupch.h /Fpobjchk\i386\pch.pch .\exports.c
exports.c
cl -nologo -Ii386\ -I. -I..\inc -I..\..\inc -Ie:\NTDDK\inc -Ie:\NTDDK\inc -Ie:\NTDDK\inc\ddk -Ie:\NTDDK\inc\ddk\wdm -Ie:\NTDDK\private\inc -Ie:\NTDDK\inc -D_X86_=1 -Di386=1  -DSTD_CALL -DCONDITION_HANDLING=1 -DNT_UP=1  -DNT_INST=0 -DWIN32=100 -D_NT1X_=100 -DWINNT=1 -D_WIN32_WINNT=0x0500 -DWINVER=0x0500 -D_WIN32_IE=0x0501    -DWIN32_LEAN_AND_MEAN=1 -DDBG=1 -DDEVL=1 -DFPO=0    -DNDEBUG -D_DLL=1      /c /Zel /Zp8 /Gy -cbstring -W3 -WX /Gz  /QIfdiv- /QIf /QI0f /GB /Gi- /Gm- /GX-  /GR- /GF -Z7 /Oxs /Oy-   -FIe:\NTDDK\inc\warning.h /Yupch.h /Fpobjchk\i386\pch.pch .\hwecp.c
hwecp.c
cl -nologo -Ii386\ -I. -I..\inc -I..\..\inc -Ie:\NTDDK\inc -Ie:\NTDDK\inc -Ie:\NTDDK\inc\ddk -Ie:\NTDDK\inc\ddk\wdm -Ie:\NTDDK\private\inc -Ie:\NTDDK\inc -D_X86_=1 -Di386=1  -DSTD_CALL -DCONDITION_HANDLING=1 -DNT_UP=1  -DNT_INST=0 -DWIN32=100 -D_NT1X_=100 -DWINNT=1 -D_WIN32_WINNT=0x0500 -DWINVER=0x0500 -D_WIN32_IE=0x0501    -DWIN32_LEAN_AND_MEAN=1 -DDBG=1 -DDEVL=1 -DFPO=0    -DNDEBUG -D_DLL=1      /c /Zel /Zp8 /Gy -cbstring -W3 -WX /Gz  /QIfdiv- /QIf /QI0f /GB /Gi- /Gm- /GX-  /GR- /GF -Z7 /Oxs /Oy-   -FIe:\NTDDK\inc\warning.h /Yupch.h /Fpobjchk\i386\pch.pch .\hwepp.c
hwepp.c
cl -nologo -Ii386\ -I. -I..\inc -I..\..\inc -Ie:\NTDDK\inc -Ie:\NTDDK\inc -Ie:\NTDDK\inc\ddk -Ie:\NTDDK\inc\ddk\wdm -Ie:\NTDDK\private\inc -Ie:\NTDDK\inc -D_X86_=1 -Di386=1  -DSTD_CALL -DCONDITION_HANDLING=1 -DNT_UP=1  -DNT_INST=0 -DWIN32=100 -D_NT1X_=100 -DWINNT=1 -D_WIN32_WINNT=0x0500 -DWINVER=0x0500 -D_WIN32_IE=0x0501    -DWIN32_LEAN_AND_MEAN=1 -DDBG=1 -DDEVL=1 -DFPO=0    -DNDEBUG -D_DLL=1      /c /Zel /Zp8 /Gy -cbstring -W3 -WX /Gz  /QIfdiv- /QIf /QI0f /GB /Gi- /Gm- /GX-  /GR- /GF -Z7 /Oxs /Oy-   -FIe:\NTDDK\inc\warning.h /Yupch.h /Fpobjchk\i386\pch.pch .\ieee1284.c
ieee1284.c
cl -nologo -Ii386\ -I. -I..\inc -I..\..\inc -Ie:\NTDDK\inc -Ie:\NTDDK\inc -Ie:\NTDDK\inc\ddk -Ie:\NTDDK\inc\ddk\wdm -Ie:\NTDDK\private\inc -Ie:\NTDDK\inc -D_X86_=1 -Di386=1  -DSTD_CALL -DCONDITION_HANDLING=1 -DNT_UP=1  -DNT_INST=0 -DWIN32=100 -D_NT1X_=100 -DWINNT=1 -D_WIN32_WINNT=0x0500 -DWINVER=0x0500 -D_WIN32_IE=0x0501    -DWIN32_LEAN_AND_MEAN=1 -DDBG=1 -DDEVL=1 -DFPO=0    -DNDEBUG -D_DLL=1      /c /Zel /Zp8 /Gy -cbstring -W3 -WX /Gz  /QIfdiv- /QIf /QI0f /GB /Gi- /Gm- /GX-  /GR- /GF -Z7 /Oxs /Oy-   -FIe:\NTDDK\inc\warning.h /Yupch.h /Fpobjchk\i386\pch.pch .\initunld.c
initunld.c
cl -nologo -Ii386\ -I. -I..\inc -I..\..\inc -Ie:\NTDDK\inc -Ie:\NTDDK\inc -Ie:\NTDDK\inc\ddk -Ie:\NTDDK\inc\ddk\wdm -Ie:\NTDDK\private\inc -Ie:\NTDDK\inc -D_X86_=1 -Di386=1  -DSTD_CALL -DCONDITION_HANDLING=1 -DNT_UP=1  -DNT_INST=0 -DWIN32=100 -D_NT1X_=100 -DWINNT=1 -D_WIN32_WINNT=0x0500 -DWINVER=0x0500 -D_WIN32_IE=0x0501    -DWIN32_LEAN_AND_MEAN=1 -DDBG=1 -DDEVL=1 -DFPO=0    -DNDEBUG -D_DLL=1      /c /Zel /Zp8 /Gy -cbstring -W3 -WX /Gz  /QIfdiv- /QIf /QI0f /GB /Gi- /Gm- /GX-  /GR- /GF -Z7 /Oxs /Oy-   -FIe:\NTDDK\inc\warning.h /Yupch.h /Fpobjchk\i386\pch.pch .\ioctl.c
ioctl.c
cl -nologo -Ii386\ -I. -I..\inc -I..\..\inc -Ie:\NTDDK\inc -Ie:\NTDDK\inc -Ie:\NTDDK\inc\ddk -Ie:\NTDDK\inc\ddk\wdm -Ie:\NTDDK\private\inc -Ie:\NTDDK\inc -D_X86_=1 -Di386=1  -DSTD_CALL -DCONDITION_HANDLING=1 -DNT_UP=1  -DNT_INST=0 -DWIN32=100 -D_NT1X_=100 -DWINNT=1 -D_WIN32_WINNT=0x0500 -DWINVER=0x0500 -D_WIN32_IE=0x0501    -DWIN32_LEAN_AND_MEAN=1 -DDBG=1 -DDEVL=1 -DFPO=0    -DNDEBUG -D_DLL=1      /c /Zel /Zp8 /Gy -cbstring -W3 -WX /Gz  /QIfdiv- /QIf /QI0f /GB /Gi- /Gm- /GX-  /GR- /GF -Z7 /Oxs /Oy-   -FIe:\NTDDK\inc\warning.h /Yupch.h /Fpobjchk\i386\pch.pch .\nibble.c
nibble.c
cl -nologo -Ii386\ -I. -I..\inc -I..\..\inc -Ie:\NTDDK\inc -Ie:\NTDDK\inc -Ie:\NTDDK\inc\ddk -Ie:\NTDDK\inc\ddk\wdm -Ie:\NTDDK\private\inc -Ie:\NTDDK\inc -D_X86_=1 -Di386=1  -DSTD_CALL -DCONDITION_HANDLING=1 -DNT_UP=1  -DNT_INST=0 -DWIN32=100 -D_NT1X_=100 -DWINNT=1 -D_WIN32_WINNT=0x0500 -DWINVER=0x0500 -D_WIN32_IE=0x0501    -DWIN32_LEAN_AND_MEAN=1 -DDBG=1 -DDEVL=1 -DFPO=0    -DNDEBUG -D_DLL=1      /c /Zel /Zp8 /Gy -cbstring -W3 -WX /Gz  /QIfdiv- /QIf /QI0f /GB /Gi- /Gm- /GX-  /GR- /GF -Z7 /Oxs /Oy-   -FIe:\NTDDK\inc\warning.h /Yupch.h /Fpobjchk\i386\pch.pch .\openclos.c
openclos.c
cl -nologo -Ii386\ -I. -I..\inc -I..\..\inc -Ie:\NTDDK\inc -Ie:\NTDDK\inc -Ie:\NTDDK\inc\ddk -Ie:\NTDDK\inc\ddk\wdm -Ie:\NTDDK\private\inc -Ie:\NTDDK\inc -D_X86_=1 -Di386=1  -DSTD_CALL -DCONDITION_HANDLING=1 -DNT_UP=1  -DNT_INST=0 -DWIN32=100 -D_NT1X_=100 -DWINNT=1 -D_WIN32_WINNT=0x0500 -DWINVER=0x0500 -D_WIN32_IE=0x0501    -DWIN32_LEAN_AND_MEAN=1 -DDBG=1 -DDEVL=1 -DFPO=0    -DNDEBUG -D_DLL=1      /c /Zel /Zp8 /Gy -cbstring -W3 -WX /Gz  /QIfdiv- /QIf /QI0f /GB /Gi- /Gm- /GX-  /GR- /GF -Z7 /Oxs /Oy-   -FIe:\NTDDK\inc\warning.h /Yupch.h /Fpobjchk\i386\pch.pch .\p12843dl.c
p12843dl.c
cl -nologo -Ii386\ -I. -I..\inc -I..\..\inc -Ie:\NTDDK\inc -Ie:\NTDDK\inc -Ie:\NTDDK\inc\ddk -Ie:\NTDDK\inc\ddk\wdm -Ie:\NTDDK\private\inc -Ie:\NTDDK\inc -D_X86_=1 -Di386=1  -DSTD_CALL -DCONDITION_HANDLING=1 -DNT_UP=1  -DNT_INST=0 -DWIN32=100 -D_NT1X_=100 -DWINNT=1 -D_WIN32_WINNT=0x0500 -DWINVER=0x0500 -D_WIN32_IE=0x0501    -DWIN32_LEAN_AND_MEAN=1 -DDBG=1 -DDEVL=1 -DFPO=0    -DNDEBUG -D_DLL=1      /c /Zel /Zp8 /Gy -cbstring -W3 -WX /Gz  /QIfdiv- /QIf /QI0f /GB /Gi- /Gm- /GX-  /GR- /GF -Z7 /Oxs /Oy-   -FIe:\NTDDK\inc\warning.h /Yupch.h /Fpobjchk\i386\pch.pch .\par12843.c
par12843.c
cl -nologo -Ii386\ -I. -I..\inc -I..\..\inc -Ie:\NTDDK\inc -Ie:\NTDDK\inc -Ie:\NTDDK\inc\ddk -Ie:\NTDDK\inc\ddk\wdm -Ie:\NTDDK\private\inc -Ie:\NTDDK\inc -D_X86_=1 -Di386=1  -DSTD_CALL -DCONDITION_HANDLING=1 -DNT_UP=1  -DNT_INST=0 -DWIN32=100 -D_NT1X_=100 -DWINNT=1 -D_WIN32_WINNT=0x0500 -DWINVER=0x0500 -D_WIN32_IE=0x0501    -DWIN32_LEAN_AND_MEAN=1 -DDBG=1 -DDEVL=1 -DFPO=0    -DNDEBUG -D_DLL=1      /c /Zel /Zp8 /Gy -cbstring -W3 -WX /Gz  /QIfdiv- /QIf /QI0f /GB /Gi- /Gm- /GX-  /GR- /GF -Z7 /Oxs /Oy-   -FIe:\NTDDK\inc\warning.h /Yupch.h /Fpobjchk\i386\pch.pch .\parclass.c
parclass.c
cl -nologo -Ii386\ -I. -I..\inc -I..\..\inc -Ie:\NTDDK\inc -Ie:\NTDDK\inc -Ie:\NTDDK\inc\ddk -Ie:\NTDDK\inc\ddk\wdm -Ie:\NTDDK\private\inc -Ie:\NTDDK\inc -D_X86_=1 -Di386=1  -DSTD_CALL -DCONDITION_HANDLING=1 -DNT_UP=1  -DNT_INST=0 -DWIN32=100 -D_NT1X_=100 -DWINNT=1 -D_WIN32_WINNT=0x0500 -DWINVER=0x0500 -D_WIN32_IE=0x0501    -DWIN32_LEAN_AND_MEAN=1 -DDBG=1 -DDEVL=1 -DFPO=0    -DNDEBUG -D_DLL=1      /c /Zel /Zp8 /Gy -cbstring -W3 -WX /Gz  /QIfdiv- /QIf /QI0f /GB /Gi- /Gm- /GX-  /GR- /GF -Z7 /Oxs /Oy-   -FIe:\NTDDK\inc\warning.h /Yupch.h /Fpobjchk\i386\pch.pch .\parharns.c
parharns.c
cl -nologo -Ii386\ -I. -I..\inc -I..\..\inc -Ie:\NTDDK\inc -Ie:\NTDDK\inc -Ie:\NTDDK\inc\ddk -Ie:\NTDDK\inc\ddk\wdm -Ie:\NTDDK\private\inc -Ie:\NTDDK\inc -D_X86_=1 -Di386=1  -DSTD_CALL -DCONDITION_HANDLING=1 -DNT_UP=1  -DNT_INST=0 -DWIN32=100 -D_NT1X_=100 -DWINNT=1 -D_WIN32_WINNT=0x0500 -DWINVER=0x0500 -D_WIN32_IE=0x0501    -DWIN32_LEAN_AND_MEAN=1 -DDBG=1 -DDEVL=1 -DFPO=0    -DNDEBUG -D_DLL=1      /c /Zel /Zp8 /Gy -cbstring -W3 -WX /Gz  /QIfdiv- /QIf /QI0f /GB /Gi- /Gm- /GX-  /GR- /GF -Z7 /Oxs /Oy-   -FIe:\NTDDK\inc\warning.h /Yupch.h /Fpobjchk\i386\pch.pch .\parloop.c
parloop.c
cl -nologo -Ii386\ -I. -I..\inc -I..\..\inc -Ie:\NTDDK\inc -Ie:\NTDDK\inc -Ie:\NTDDK\inc\ddk -Ie:\NTDDK\inc\ddk\wdm -Ie:\NTDDK\private\inc -Ie:\NTDDK\inc -D_X86_=1 -Di386=1  -DSTD_CALL -DCONDITION_HANDLING=1 -DNT_UP=1  -DNT_INST=0 -DWIN32=100 -D_NT1X_=100 -DWINNT=1 -D_WIN32_WINNT=0x0500 -DWINVER=0x0500 -D_WIN32_IE=0x0501    -DWIN32_LEAN_AND_MEAN=1 -DDBG=1 -DDEVL=1 -DFPO=0    -DNDEBUG -D_DLL=1      /c /Zel /Zp8 /Gy -cbstring -W3 -WX /Gz  /QIfdiv- /QIf /QI0f /GB /Gi- /Gm- /GX-  /GR- /GF -Z7 /Oxs /Oy-   -FIe:\NTDDK\inc\warning.h /Yupch.h /Fpobjchk\i386\pch.pch .\parstl.c
parstl.c
cl -nologo -Ii386\ -I. -I..\inc -I..\..\inc -Ie:\NTDDK\inc -Ie:\NTDDK\inc -Ie:\NTDDK\inc\ddk -Ie:\NTDDK\inc\ddk\wdm -Ie:\NTDDK\private\inc -Ie:\NTDDK\inc -D_X86_=1 -Di386=1  -DSTD_CALL -DCONDITION_HANDLING=1 -DNT_UP=1  -DNT_INST=0 -DWIN32=100 -D_NT1X_=100 -DWINNT=1 -D_WIN32_WINNT=0x0500 -DWINVER=0x0500 -D_WIN32_IE=0x0501    -DWIN32_LEAN_AND_MEAN=1 -DDBG=1 -DDEVL=1 -DFPO=0    -DNDEBUG -D_DLL=1      /c /Zel /Zp8 /Gy -cbstring -W3 -WX /Gz  /QIfdiv- /QIf /QI0f /GB /Gi- /Gm- /GX-  /GR- /GF -Z7 /Oxs /Oy-   -FIe:\NTDDK\inc\warning.h /Yupch.h /Fpobjchk\i386\pch.pch .\pnp.c
pnp.c
cl -nologo -Ii386\ -I. -I..\inc -I..\..\inc -Ie:\NTDDK\inc -Ie:\NTDDK\inc -Ie:\NTDDK\inc\ddk -Ie:\NTDDK\inc\ddk\wdm -Ie:\NTDDK\private\inc -Ie:\NTDDK\inc -D_X86_=1 -Di386=1  -DSTD_CALL -DCONDITION_HANDLING=1 -DNT_UP=1  -DNT_INST=0 -DWIN32=100 -D_NT1X_=100 -DWINNT=1 -D_WIN32_WINNT=0x0500 -DWINVER=0x0500 -D_WIN32_IE=0x0501    -DWIN32_LEAN_AND_MEAN=1 -DDBG=1 -DDEVL=1 -DFPO=0    -DNDEBUG -D_DLL=1      /c /Zel /Zp8 /Gy -cbstring -W3 -WX /Gz  /QIfdiv- /QIf /QI0f /GB /Gi- /Gm- /GX-  /GR- /GF -Z7 /Oxs /Oy-   -FIe:\NTDDK\inc\warning.h /Yupch.h /Fpobjchk\i386\pch.pch .\pnpfdo.c
pnpfdo.c
cl -nologo -Ii386\ -I. -I..\inc -I..\..\inc -Ie:\NTDDK\inc -Ie:\NTDDK\inc -Ie:\NTDDK\inc\ddk -Ie:\NTDDK\inc\ddk\wdm -Ie:\NTDDK\private\inc -Ie:\NTDDK\inc -D_X86_=1 -Di386=1  -DSTD_CALL -DCONDITION_HANDLING=1 -DNT_UP=1  -DNT_INST=0 -DWIN32=100 -D_NT1X_=100 -DWINNT=1 -D_WIN32_WINNT=0x0500 -DWINVER=0x0500 -D_WIN32_IE=0x0501    -DWIN32_LEAN_AND_MEAN=1 -DDBG=1 -DDEVL=1 -DFPO=0    -DNDEBUG -D_DLL=1      /c /Zel /Zp8 /Gy -cbstring -W3 -WX /Gz  /QIfdiv- /QIf /QI0f /GB /Gi- /Gm- /GX-  /GR- /GF -Z7 /Oxs /Oy-   -FIe:\NTDDK\inc\warning.h /Yupch.h /Fpobjchk\i386\pch.pch .\pnppdo.c
pnppdo.c
cl -nologo -Ii386\ -I. -I..\inc -I..\..\inc -Ie:\NTDDK\inc -Ie:\NTDDK\inc -Ie:\NTDDK\inc\ddk -Ie:\NTDDK\inc\ddk\wdm -Ie:\NTDDK\private\inc -Ie:\NTDDK\inc -D_X86_=1 -Di386=1  -DSTD_CALL -DCONDITION_HANDLING=1 -DNT_UP=1  -DNT_INST=0 -DWIN32=100 -D_NT1X_=100 -DWINNT=1 -D_WIN32_WINNT=0x0500 -DWINVER=0x0500 -D_WIN32_IE=0x0501    -DWIN32_LEAN_AND_MEAN=1 -DDBG=1 -DDEVL=1 -DFPO=0    -DNDEBUG -D_DLL=1      /c /Zel /Zp8 /Gy -cbstring -W3 -WX /Gz  /QIfdiv- /QIf /QI0f /GB /Gi- /Gm- /GX-  /GR- /GF -Z7 /Oxs /Oy-   -FIe:\NTDDK\inc\warning.h /Yupch.h /Fpobjchk\i386\pch.pch .\port.c
port.c
cl -nologo -Ii386\ -I. -I..\inc -I..\..\inc -Ie:\NTDDK\inc -Ie:\NTDDK\inc -Ie:\NTDDK\inc\ddk -Ie:\NTDDK\inc\ddk\wdm -Ie:\NTDDK\private\inc -Ie:\NTDDK\inc -D_X86_=1 -Di386=1  -DSTD_CALL -DCONDITION_HANDLING=1 -DNT_UP=1  -DNT_INST=0 -DWIN32=100 -D_NT1X_=100 -DWINNT=1 -D_WIN32_WINNT=0x0500 -DWINVER=0x0500 -D_WIN32_IE=0x0501    -DWIN32_LEAN_AND_MEAN=1 -DDBG=1 -DDEVL=1 -DFPO=0    -DNDEBUG -D_DLL=1      /c /Zel /Zp8 /Gy -cbstring -W3 -WX /Gz  /QIfdiv- /QIf /QI0f /GB /Gi- /Gm- /GX-  /GR- /GF -Z7 /Oxs /Oy-   -FIe:\NTDDK\inc\warning.h /Yupch.h /Fpobjchk\i386\pch.pch .\power.c
power.c
cl -nologo -Ii386\ -I. -I..\inc -I..\..\inc -Ie:\NTDDK\inc -Ie:\NTDDK\inc -Ie:\NTDDK\inc\ddk -Ie:\NTDDK\inc\ddk\wdm -Ie:\NTDDK\private\inc -Ie:\NTDDK\inc -D_X86_=1 -Di386=1  -DSTD_CALL -DCONDITION_HANDLING=1 -DNT_UP=1  -DNT_INST=0 -DWIN32=100 -D_NT1X_=100 -DWINNT=1 -D_WIN32_WINNT=0x0500 -DWINVER=0x0500 -D_WIN32_IE=0x0501    -DWIN32_LEAN_AND_MEAN=1 -DDBG=1 -DDEVL=1 -DFPO=0    -DNDEBUG -D_DLL=1      /c /Zel /Zp8 /Gy -cbstring -W3 -WX /Gz  /QIfdiv- /QIf /QI0f /GB /Gi- /Gm- /GX-  /GR- /GF -Z7 /Oxs /Oy-   -FIe:\NTDDK\inc\warning.h /Yupch.h /Fpobjchk\i386\pch.pch .\ppa3x.c
ppa3x.c
cl -nologo -Ii386\ -I. -I..\inc -I..\..\inc -Ie:\NTDDK\inc -Ie:\NTDDK\inc -Ie:\NTDDK\inc\ddk -Ie:\NTDDK\inc\ddk\wdm -Ie:\NTDDK\private\inc -Ie:\NTDDK\inc -D_X86_=1 -Di386=1  -DSTD_CALL -DCONDITION_HANDLING=1 -DNT_UP=1  -DNT_INST=0 -DWIN32=100 -D_NT1X_=100 -DWINNT=1 -D_WIN32_WINNT=0x0500 -DWINVER=0x0500 -D_WIN32_IE=0x0501    -DWIN32_LEAN_AND_MEAN=1 -DDBG=1 -DDEVL=1 -DFPO=0    -DNDEBUG -D_DLL=1      /c /Zel /Zp8 /Gy -cbstring -W3 -WX /Gz  /QIfdiv- /QIf /QI0f /GB /Gi- /Gm- /GX-  /GR- /GF -Z7 /Oxs /Oy-   -FIe:\NTDDK\inc\warning.h /Yupch.h /Fpobjchk\i386\pch.pch .\queue.c
queue.c
cl -nologo -Ii386\ -I. -I..\inc -I..\..\inc -Ie:\NTDDK\inc -Ie:\NTDDK\inc -Ie:\NTDDK\inc\ddk -Ie:\NTDDK\inc\ddk\wdm -Ie:\NTDDK\private\inc -Ie:\NTDDK\inc -D_X86_=1 -Di386=1  -DSTD_CALL -DCONDITION_HANDLING=1 -DNT_UP=1  -DNT_INST=0 -DWIN32=100 -D_NT1X_=100 -DWINNT=1 -D_WIN32_WINNT=0x0500 -DWINVER=0x0500 -D_WIN32_IE=0x0501    -DWIN32_LEAN_AND_MEAN=1 -DDBG=1 -DDEVL=1 -DFPO=0    -DNDEBUG -D_DLL=1      /c /Zel /Zp8 /Gy -cbstring -W3 -WX /Gz  /QIfdiv- /QIf /QI0f /GB /Gi- /Gm- /GX-  /GR- /GF -Z7 /Oxs /Oy-   -FIe:\NTDDK\inc\warning.h /Yupch.h /Fpobjchk\i386\pch.pch .\readwrit.c
readwrit.c
cl -nologo -Ii386\ -I. -I..\inc -I..\..\inc -Ie:\NTDDK\inc -Ie:\NTDDK\inc -Ie:\NTDDK\inc\ddk -Ie:\NTDDK\inc\ddk\wdm -Ie:\NTDDK\private\inc -Ie:\NTDDK\inc -D_X86_=1 -Di386=1  -DSTD_CALL -DCONDITION_HANDLING=1 -DNT_UP=1  -DNT_INST=0 -DWIN32=100 -D_NT1X_=100 -DWINNT=1 -D_WIN32_WINNT=0x0500 -DWINVER=0x0500 -D_WIN32_IE=0x0501    -DWIN32_LEAN_AND_MEAN=1 -DDBG=1 -DDEVL=1 -DFPO=0    -DNDEBUG -D_DLL=1      /c /Zel /Zp8 /Gy -cbstring -W3 -WX /Gz  /QIfdiv- /QIf /QI0f /GB /Gi- /Gm- /GX-  /GR- /GF -Z7 /Oxs /Oy-   -FIe:\NTDDK\inc\warning.h /Yupch.h /Fpobjchk\i386\pch.pch .\rescan.c
rescan.c
cl -nologo -Ii386\ -I. -I..\inc -I..\..\inc -Ie:\NTDDK\inc -Ie:\NTDDK\inc -Ie:\NTDDK\inc\ddk -Ie:\NTDDK\inc\ddk\wdm -Ie:\NTDDK\private\inc -Ie:\NTDDK\inc -D_X86_=1 -Di386=1  -DSTD_CALL -DCONDITION_HANDLING=1 -DNT_UP=1  -DNT_INST=0 -DWIN32=100 -D_NT1X_=100 -DWINNT=1 -D_WIN32_WINNT=0x0500 -DWINVER=0x0500 -D_WIN32_IE=0x0501    -DWIN32_LEAN_AND_MEAN=1 -DDBG=1 -DDEVL=1 -DFPO=0    -DNDEBUG -D_DLL=1      /c /Zel /Zp8 /Gy -cbstring -W3 -WX /Gz  /QIfdiv- /QIf /QI0f /GB /Gi- /Gm- /GX-  /GR- /GF -Z7 /Oxs /Oy-   -FIe:\NTDDK\inc\warning.h /Yupch.h /Fpobjchk\i386\pch.pch .\spp.c
spp.c
cl -nologo -Ii386\ -I. -I..\inc -I..\..\inc -Ie:\NTDDK\inc -Ie:\NTDDK\inc -Ie:\NTDDK\inc\ddk -Ie:\NTDDK\inc\ddk\wdm -Ie:\NTDDK\private\inc -Ie:\NTDDK\inc -D_X86_=1 -Di386=1  -DSTD_CALL -DCONDITION_HANDLING=1 -DNT_UP=1  -DNT_INST=0 -DWIN32=100 -D_NT1X_=100 -DWINNT=1 -D_WIN32_WINNT=0x0500 -DWINVER=0x0500 -D_WIN32_IE=0x0501    -DWIN32_LEAN_AND_MEAN=1 -DDBG=1 -DDEVL=1 -DFPO=0    -DNDEBUG -D_DLL=1      /c /Zel /Zp8 /Gy -cbstring -W3 -WX /Gz  /QIfdiv- /QIf /QI0f /GB /Gi- /Gm- /GX-  /GR- /GF -Z7 /Oxs /Oy-   -FIe:\NTDDK\inc\warning.h /Yupch.h /Fpobjchk\i386\pch.pch .\sppieee.c
sppieee.c
cl -nologo -Ii386\ -I. -I..\inc -I..\..\inc -Ie:\NTDDK\inc -Ie:\NTDDK\inc -Ie:\NTDDK\inc\ddk -Ie:\NTDDK\inc\ddk\wdm -Ie:\NTDDK\private\inc -Ie:\NTDDK\inc -D_X86_=1 -Di386=1  -DSTD_CALL -DCONDITION_HANDLING=1 -DNT_UP=1  -DNT_INST=0 -DWIN32=100 -D_NT1X_=100 -DWINNT=1 -D_WIN32_WINNT=0x0500 -DWINVER=0x0500 -D_WIN32_IE=0x0501    -DWIN32_LEAN_AND_MEAN=1 -DDBG=1 -DDEVL=1 -DFPO=0    -DNDEBUG -D_DLL=1      /c /Zel /Zp8 /Gy -cbstring -W3 -WX /Gz  /QIfdiv- /QIf /QI0f /GB /Gi- /Gm- /GX-  /GR- /GF -Z7 /Oxs /Oy-   -FIe:\NTDDK\inc\warning.h /Yupch.h /Fpobjchk\i386\pch.pch .\swecp.c
swecp.c
cl -nologo -Ii386\ -I. -I..\inc -I..\..\inc -Ie:\NTDDK\inc -Ie:\NTDDK\inc -Ie:\NTDDK\inc\ddk -Ie:\NTDDK\inc\ddk\wdm -Ie:\NTDDK\private\inc -Ie:\NTDDK\inc -D_X86_=1 -Di386=1  -DSTD_CALL -DCONDITION_HANDLING=1 -DNT_UP=1  -DNT_INST=0 -DWIN32=100 -D_NT1X_=100 -DWINNT=1 -D_WIN32_WINNT=0x0500 -DWINVER=0x0500 -D_WIN32_IE=0x0501    -DWIN32_LEAN_AND_MEAN=1 -DDBG=1 -DDEVL=1 -DFPO=0    -DNDEBUG -D_DLL=1      /c /Zel /Zp8 /Gy -cbstring -W3 -WX /Gz  /QIfdiv- /QIf /QI0f /GB /Gi- /Gm- /GX-  /GR- /GF -Z7 /Oxs /Oy-   -FIe:\NTDDK\inc\warning.h /Yupch.h /Fpobjchk\i386\pch.pch .\swepp.c
swepp.c
cl -nologo -Ii386\ -I. -I..\inc -I..\..\inc -Ie:\NTDDK\inc -Ie:\NTDDK\inc -Ie:\NTDDK\inc\ddk -Ie:\NTDDK\inc\ddk\wdm -Ie:\NTDDK\private\inc -Ie:\NTDDK\inc -D_X86_=1 -Di386=1  -DSTD_CALL -DCONDITION_HANDLING=1 -DNT_UP=1  -DNT_INST=0 -DWIN32=100 -D_NT1X_=100 -DWINNT=1 -D_WIN32_WINNT=0x0500 -DWINVER=0x0500 -D_WIN32_IE=0x0501    -DWIN32_LEAN_AND_MEAN=1 -DDBG=1 -DDEVL=1 -DFPO=0    -DNDEBUG -D_DLL=1      /c /Zel /Zp8 /Gy -cbstring -W3 -WX /Gz  /QIfdiv- /QIf /QI0f /GB /Gi- /Gm- /GX-  /GR- /GF -Z7 /Oxs /Oy-   -FIe:\NTDDK\inc\warning.h /Yupch.h /Fpobjchk\i386\pch.pch .\test.c
test.c
cl -nologo -Ii386\ -I. -I..\inc -I..\..\inc -Ie:\NTDDK\inc -Ie:\NTDDK\inc -Ie:\NTDDK\inc\ddk -Ie:\NTDDK\inc\ddk\wdm -Ie:\NTDDK\private\inc -Ie:\NTDDK\inc -D_X86_=1 -Di386=1  -DSTD_CALL -DCONDITION_HANDLING=1 -DNT_UP=1  -DNT_INST=0 -DWIN32=100 -D_NT1X_=100 -DWINNT=1 -D_WIN32_WINNT=0x0500 -DWINVER=0x0500 -D_WIN32_IE=0x0501    -DWIN32_LEAN_AND_MEAN=1 -DDBG=1 -DDEVL=1 -DFPO=0    -DNDEBUG -D_DLL=1      /c /Zel /Zp8 /Gy -cbstring -W3 -WX /Gz  /QIfdiv- /QIf /QI0f /GB /Gi- /Gm- /GX-  /GR- /GF -Z7 /Oxs /Oy-   -FIe:\NTDDK\inc\warning.h /Yupch.h /Fpobjchk\i386\pch.pch .\thread.c
thread.c
dvrh Left bad stuff in thread.c
cl -nologo -Ii386\ -I. -I..\inc -I..\..\inc -Ie:\NTDDK\inc -Ie:\NTDDK\inc -Ie:\NTDDK\inc\ddk -Ie:\NTDDK\inc\ddk\wdm -Ie:\NTDDK\private\inc -Ie:\NTDDK\inc -D_X86_=1 -Di386=1  -DSTD_CALL -DCONDITION_HANDLING=1 -DNT_UP=1  -DNT_INST=0 -DWIN32=100 -D_NT1X_=100 -DWINNT=1 -D_WIN32_WINNT=0x0500 -DWINVER=0x0500 -D_WIN32_IE=0x0501    -DWIN32_LEAN_AND_MEAN=1 -DDBG=1 -DDEVL=1 -DFPO=0    -DNDEBUG -D_DLL=1      /c /Zel /Zp8 /Gy -cbstring -W3 -WX /Gz  /QIfdiv- /QIf /QI0f /GB /Gi- /Gm- /GX-  /GR- /GF -Z7 /Oxs /Oy-   -FIe:\NTDDK\inc\warning.h /Yupch.h /Fpobjchk\i386\pch.pch .\util.c
util.c
cl -nologo -Ii386\ -I. -I..\inc -I..\..\inc -Ie:\NTDDK\inc -Ie:\NTDDK\inc -Ie:\NTDDK\inc\ddk -Ie:\NTDDK\inc\ddk\wdm -Ie:\NTDDK\private\inc -Ie:\NTDDK\inc -D_X86_=1 -Di386=1  -DSTD_CALL -DCONDITION_HANDLING=1 -DNT_UP=1  -DNT_INST=0 -DWIN32=100 -D_NT1X_=100 -DWINNT=1 -D_WIN32_WINNT=0x0500 -DWINVER=0x0500 -D_WIN32_IE=0x0501    -DWIN32_LEAN_AND_MEAN=1 -DDBG=1 -DDEVL=1 -DFPO=0    -DNDEBUG -D_DLL=1      /c /Zel /Zp8 /Gy -cbstring -W3 -WX /Gz  /QIfdiv- /QIf /QI0f /GB /Gi- /Gm- /GX-  /GR- /GF -Z7 /Oxs /Oy-   -FIe:\NTDDK\inc\warning.h /Yupch.h /Fpobjchk\i386\pch.pch .\wmipdo.c
wmipdo.c

Stop.
Linking e:\wdm_interface\txintpar3 directory ********************
'nmake.exe /c BUILDMSG=Stop. -i LINKONLY=1 NOPASS0=1 NTTEST= UMTEST= 386=1'
	link -out:objchk\i386\Txintpar.sys -machine:ix86 @F:\DOCUME~1\ADMINI~1\LOCALS~1\Temp\nma00560.
Microsoft (R) Incremental Linker Version 5.12.8181
Copyright (C) Microsoft Corp 1992-1998. All rights reserved.

-STACK:262144,4096 
-MERGE:_PAGE=PAGE 
-MERGE:_TEXT=.text 
-SECTION:INIT,d 
-OPT:REF 
-OPT:ICF 
-IGNORE:4001,4037,4039,4044,4065,4070,4078,4087,4089,4198 
-INCREMENTAL:NO 
-FULLBUILD 
-FORCE:MULTIPLE 
-NOCOMMENT 
/release 
-NODEFAULTLIB 
-debug:FULL 
-debugtype:cv 
-version:5.00 
-osversion:5.00 
-map 
-optidata 
-driver 
-align:0x20 
-subsystem:native,5.00 
-base:0x10000 
-entry:DriverEntry@8 
-out:objchk\i386\Txintpar.sys 
objchk\i386\pch.obj 
objchk\i386\parclass.res 
objchk\i386\becp.obj 
objchk\i386\byte.obj 
objchk\i386\debug.obj 
objchk\i386\devobj.obj 
objchk\i386\ecp.obj 
objchk\i386\epp.obj 
objchk\i386\errlog.obj 
objchk\i386\exports.obj 
objchk\i386\hwecp.obj 
objchk\i386\hwepp.obj 
objchk\i386\ieee1284.obj 
objchk\i386\initunld.obj 
objchk\i386\ioctl.obj 
objchk\i386\nibble.obj 
objchk\i386\openclos.obj 
objchk\i386\p12843dl.obj 
objchk\i386\par12843.obj 
objchk\i386\parclass.obj 
objchk\i386\parharns.obj 
objchk\i386\parloop.obj 
objchk\i386\parstl.obj 
objchk\i386\pnp.obj 
objchk\i386\pnpfdo.obj 
objchk\i386\pnppdo.obj 
objchk\i386\port.obj 
objchk\i386\power.obj 
objchk\i386\ppa3x.obj 
objchk\i386\queue.obj 
objchk\i386\readwrit.obj 
objchk\i386\rescan.obj 
objchk\i386\spp.obj 
objchk\i386\sppieee.obj 
objchk\i386\swecp.obj 
objchk\i386\swepp.obj 
objchk\i386\test.obj 
objchk\i386\thread.obj 
objchk\i386\util.obj 
objchk\i386\wmipdo.obj 
e:\NTDDK\libchk\i386\ntoskrnl.lib 
e:\NTDDK\libchk\i386\hal.lib 
e:\NTDDK\libchk\i386\wmilib.lib 
	mapsym -o objchk\i386\Txintpar.sym objchk\i386\Txintpar.map
Microsoft (R) Symbol File Generator  Version 6.00
Copyright (C) Microsoft Corp 1984 - 1995.  All rights reserved.
Line number support enabled
Program entry point at 0001:9374

Stop.
