Compiling e:\wdm_interface\txintpar2 directory ********************
'nmake.exe /c BUILDMSG=Stop. -i NTTEST= UMTEST= NOLINK=1 386=1'
	mc -h . -r .  parlog.mc
MC: Compiling parlog.mc
	rc -l 409 -z "MS Sans Serif,Helv/MS Shell Dlg"  -r -fo obj\i386\parsimp.tmp -D_X86_=1 -Di386=1  -DSTD_CALL -DCONDITION_HANDLING=1 -DNT_UP=1  -DNT_INST=0 -DWIN32=100 -D_NT1X_=100 -DWINNT=1 -D_WIN32_WINNT=0x0400    -DWIN32_LEAN_AND_MEAN=1 -DDBG=1 -DDEVL=1 -DFPO=0    -DNDEBUG -D_DLL=1 -D_IDWBUILD -DRDRDBG -DSRVDBG  -I..\inc -I..\..\inc -IE:\DDK\inc -IE:\DDK\inc -IE:\DDK\inc .\parsimp.rc
cl -nologo -Ii386\ -I. -I..\inc -I..\..\inc -IE:\DDK\inc -IE:\DDK\inc -IE:\DDK\inc -D_X86_=1 -Di386=1  -DSTD_CALL -DCONDITION_HANDLING=1 -DNT_UP=1  -DNT_INST=0 -DWIN32=100 -D_NT1X_=100 -DWINNT=1 -D_WIN32_WINNT=0x0400    -DWIN32_LEAN_AND_MEAN=1 -DDBG=1 -DDEVL=1 -DFPO=0    -DNDEBUG -D_DLL=1 -D_IDWBUILD -DRDRDBG -DSRVDBG    /c /Zel /Zp8 /Gy -cbstring -W3 -WX /Gz  /QIfdiv- /QIf  /Gi- /Gm- /GX- /GR- /GF  -Z7 /Od /Oi /Oy-   -FIE:\DDK\inc\warning.h  .\parsimp.c
parsimp.c

Stop. 
Linking e:\wdm_interface\txintpar2 directory ********************
'nmake.exe /c BUILDMSG=Stop. -i LINKONLY=1 NOPASS0=1 NTTEST= UMTEST= 386=1'
	link -out:obj\i386\checked\parsimp.sys -machine:i386 @F:\DOCUME~1\ADMINI~1\LOCALS~1\Temp\nma00856.
Microsoft (R) 32-Bit Incremental Linker Version 5.00.7022
Copyright (C) Microsoft Corp 1992-1997. All rights reserved.

-MERGE:_PAGE=PAGE 
-MERGE:_TEXT=.text 
-SECTION:INIT,d 
-OPT:REF 
-INCREMENTAL:NO 
-FORCE:MULTIPLE 
-RELEASE 
-FULLBUILD 
-IGNORE:4001,4037,4039,4065,4070,4078,4087,4089,4096 
-NODEFAULTLIB 
-debug:notmapped,FULL 
-debugtype:both 
-version:4.00 
-osversion:4.00 
-map 
-PDB:NONE 
-MERGE:.rdata=.text 
-optidata 
-driver 
-align:0x20 
-subsystem:native,4.00 
-base:0x10000 
-entry:DriverEntry@8 
-out:obj\i386\checked\parsimp.sys 
obj\i386\parsimp.res 
obj\i386\parsimp.obj 
E:\DDK\lib\i386\checked\int64.lib 
E:\DDK\lib\i386\checked\ntoskrnl.lib 
E:\DDK\lib\i386\checked\hal.lib 
LINK : fatal error LNK1104: cannot open file "obj\i386\checked\parsimp.sys"
	mapsym -o obj\i386\checked\parsimp.sym obj\i386\checked\parsimp.map
Microsoft (R) Symbol File Generator  Version 6.00
Copyright (C) Microsoft Corp 1984 - 1995.  All rights reserved.
Line number support enabled
mapsym: can't open input file: obj\i386\checked\parsimp.map

Stop. 
